Arguments: 
  /usr/local/Cellar/node/13.8.0/bin/node /usr/local/Cellar/yarn/1.22.0/libexec/bin/yarn.js publish

PATH: 
  /usr/local/bin:/usr/bin:/bin:/usr/sbin:/sbin:/Users/marcbruederlin/.rvm/bin

Yarn version: 
  1.22.0

Node version: 
  13.8.0

Platform: 
  darwin x64

Trace: 
  Error: canceled
      at Interface.<anonymous> (/usr/local/Cellar/yarn/1.22.0/libexec/lib/cli.js:136987:13)
      at Interface.emit (events.js:321:20)
      at Interface._ttyWrite (readline.js:864:16)
      at ReadStream.onkeypress (readline.js:203:10)
      at ReadStream.emit (events.js:321:20)
      at emitKeys (internal/readline/utils.js:450:14)
      at emitKeys.next (<anonymous>)
      at ReadStream.onData (readline.js:1131:36)
      at ReadStream.emit (events.js:321:20)
      at addChunk (_stream_readable.js:297:12)

npm manifest: 
  {
    "name": "mint-theme",
    "displayName": "Mint Theme",
    "description": "A minimal theme for Visual Studio Code",
    "version": "0.0.2",
    "icon": "logo.png",
    "scripts": {
      "publish": "vsce publish"
    },
    "galleryBanner": {
      "color": "#1a1919",
      "theme": "dark"
    },
    "publisher": "marcbruederlin",
    "author": {
      "name": "marcbruederlin"
    },
    "repository": {
      "type": "git",
      "url": "https://github.com/marcbruederlin/vscode-mint-theme"
    },
    "engines": {
      "vscode": "^1.42.0"
    },
    "categories": [
      "Themes"
    ],
    "keywords": [
      "theme",
      "dark"
    ],
    "contributes": {
      "themes": [
        {
          "label": "Mint (Dark)",
          "uiTheme": "vs-dark",
          "path": "./themes/mint-dark-color-theme.json"
        }
      ]
    }
  }

yarn manifest: 
  No manifest

Lockfile: 
  No lockfile
